Arguments: 
  C:\Program Files\nodejs\node.exe C:\Users\Heverson\AppData\Roaming\npm\node_modules\yarn\bin\yarn.js

PATH: 
  C:\Python39\Scripts\;C:\Python39\;C:\Windows\system32;C:\Windows;C:\Windows\System32\Wbem;C:\Windows\System32\WindowsPowerShell\v1.0\;C:\Windows\System32\OpenSSH\;C:\ProgramData\chocolatey\bin;C:\Program Files\Git\cmd;C:\Program Files\dotnet\;C:\Users\Heverson\AppData\Roaming\nvm;C:\Program Files\nodejs;C:\Program Files\nodejs\;C:\Program Files\OpenJDK\openjdk-11.0.11_9\bin;C:\Users\Heverson\AppData\Local\Android\Sdk\emulator;C:\Users\Heverson\AppData\Local\Android\Sdk\tools;C:\Users\Heverson\AppData\Local\Android\Sdk\tools\bin;C:\Users\Heverson\AppData\Local\Android\Sdk\platform-tools;C:\Users\Heverson\AppData\Local\Microsoft\WindowsApps;C:\Users\Heverson\AppData\Local\Programs\Microsoft VS Code\bin;C:\Users\Heverson\AppData\Roaming\npm;C:\Program Files\OpenSSL-Win64\bin

Yarn version: 
  1.22.10

Node version: 
  15.12.0

Platform: 
  win32 x64

Trace: 
  SyntaxError: C:\Users\Heverson\www\monorepo-terranova\packages\mobile\package.json: Unexpected token / in JSON at position 276
      at JSON.parse (<anonymous>)
      at C:\Users\Heverson\AppData\Roaming\npm\node_modules\yarn\lib\cli.js:1625:59
      at Generator.next (<anonymous>)
      at step (C:\Users\Heverson\AppData\Roaming\npm\node_modules\yarn\lib\cli.js:310:30)
      at C:\Users\Heverson\AppData\Roaming\npm\node_modules\yarn\lib\cli.js:321:13

npm manifest: 
  {
    "name": "@monorepo-terranova/mobile",
    "version": "1.0.0",
    "main": "__generated__/AppEntry.js",
    "scripts": {
      "start": "expo start",
      "android": "expo start --android",
      "ios": "expo start --ios",
      "web": "expo start --web",
      "eject": "expo eject"
      // "postinstall": "expo-yarn-workspaces postinstall"
    },
    "dependencies": {
      "@expo-google-fonts/rosario": "^0.1.0",
      "@expo/vector-icons": "^12.0.3",
      "@react-native-async-storage/async-storage": "1.13.4",
      "@react-native-community/async-storage": "^1.12.1",
      "@react-native-community/masked-view": "0.1.10",
      "@react-navigation/bottom-tabs": "^5.11.7",
      "@react-navigation/native": "^5.9.2",
      "@react-navigation/stack": "^5.14.2",
      "@unform/core": "^2.1.3",
      "@unform/mobile": "^2.1.3",
      "axios": "^0.21.1",
      "expo": "~40.0.0",
      "expo-app-loading": "^1.0.1",
      "expo-linear-gradient": "~8.4.0",
      "expo-status-bar": "~1.0.3",
      "expo-yarn-workspaces": "^1.3.1",
      "lottie-ios": "3.1.8",
      "lottie-react-native": "^3.5.0",
      "moti": "^0.4.1",
      "react": "17.0.1",
      "react-dom": "17.0.1",
      "react-native": "https://github.com/expo/react-native/archive/sdk-40.0.1.tar.gz",
      "react-native-gesture-handler": "~1.8.0",
      "react-native-image-slider-show": "^1.0.3",
      "react-native-reanimated": "~1.13.0",
      "react-native-safe-area-context": "3.1.9",
      "react-native-screens": "~2.15.2",
      "react-native-slideshow": "^1.0.1",
      "react-native-snap-carousel": "^3.9.1",
      "react-native-web": "~0.13.12",
      "styled-components": "^5.2.1",
      "swr": "^0.4.2",
      "yup": "^0.32.9"
    },
    "devDependencies": {
      "@babel/core": "~7.9.0",
      "@types/react": "~16.9.35",
      "@types/react-dom": "~16.9.8",
      "@types/react-native": "~0.63.2",
      "@types/styled-components": "^5.1.7",
      "@types/styled-components-react-native": "^5.1.1",
      "@types/yup": "^0.29.11",
      "typescript": "~4.0.0"
    },
    "private": true
  }

yarn manifest: 
  No manifest

Lockfile: 
  No lockfile
